<?xml version="1.0" encoding="UTF-8"?>
<testsuite xmlns:xsi="http://www.w3.org/2001/XMLSchema-instance" xsi:noNamespaceSchemaLocation="https://maven.apache.org/surefire/maven-surefire-plugin/xsd/surefire-test-report-3.0.xsd" version="3.0" name="TestSuite" time="52.249" tests="12" errors="0" skipped="10" failures="2">
  <properties>
[...]
</properties>
  <testcase name="setUp" classname="LoginTest" time="30.582">
    <failure message="Could not start a new session. Response code 500. Message: An unknown server-side error occurred while processing the command. Original error: Could not find a connected Android device in 20263ms. &#10;Host info: host: &apos;E0808276&apos;, ip: &apos;192.168.1.6&apos;&#10;Build info: version: &apos;4.7.2&apos;, revision: &apos;4d4020c3b7&apos;&#10;System info: os.name: &apos;Windows 10&apos;, os.arch: &apos;amd64&apos;, os.version: &apos;10.0&apos;, java.version: &apos;17.0.5&apos;&#10;Driver info: io.appium.java_client.android.AndroidDriver&#10;Command: [null, newSession {capabilities=[{appium:app=C:\Users\MadyN2\IdeaProjects\AppiumProjectSauceLabs\src\test\resources\TestDataFiles\Android.SauceLabs.Mobile.Sample.app.2.2.0.apk, appium:automationName=UiAutomator2, appium:deviceName=Galaxy A52, appium:platformVersion=12, platformName=ANDROID}], desiredCapabilities=Capabilities {appium:app: C:\Users\MadyN2\IdeaProject..., appium:automationName: UiAutomator2, appium:deviceName: Galaxy A52, appium:platformVersion: 12, platformName: ANDROID}}]&#10;Capabilities {}" type="org.openqa.selenium.SessionNotCreatedException"><![CDATA[org.openqa.selenium.SessionNotCreatedException: 
Could not start a new session. Response code 500. Message: An unknown server-side error occurred while processing the command. Original error: Could not find a connected Android device in 20263ms. 
Host info: host: 'E0808276', ip: '192.168.1.6'
Build info: version: '4.7.2', revision: '4d4020c3b7'
System info: os.name: 'Windows 10', os.arch: 'amd64', os.version: '10.0', java.version: '17.0.5'
Driver info: io.appium.java_client.android.AndroidDriver
Command: [null, newSession {capabilities=[{appium:app=C:\Users\MadyN2\IdeaProjects\AppiumProjectSauceLabs\src\test\resources\TestDataFiles\Android.SauceLabs.Mobile.Sample.app.2.2.0.apk, appium:automationName=UiAutomator2, appium:deviceName=Galaxy A52, appium:platformVersion=12, platformName=ANDROID}], desiredCapabilities=Capabilities {appium:app: C:\Users\MadyN2\IdeaProject..., appium:automationName: UiAutomator2, appium:deviceName: Galaxy A52, appium:platformVersion: 12, platformName: ANDROID}}]
Capabilities {}
	at org.openqa.selenium.remote.ProtocolHandshake.createSession(ProtocolHandshake.java:148)
	at java.base/jdk.internal.reflect.NativeMethodAccessorImpl.invoke0(Native Method)
	at java.base/jdk.internal.reflect.NativeMethodAccessorImpl.invoke(NativeMethodAccessorImpl.java:77)
	at java.base/jdk.internal.reflect.DelegatingMethodAccessorImpl.invoke(DelegatingMethodAccessorImpl.java:43)
	at java.base/java.lang.reflect.Method.invoke(Method.java:568)
	at io.appium.java_client.remote.AppiumProtocolHandshake.createSession(AppiumProtocolHandshake.java:133)
	at io.appium.java_client.remote.AppiumProtocolHandshake.createSession(AppiumProtocolHandshake.java:102)
	at io.appium.java_client.remote.AppiumCommandExecutor.createSession(AppiumCommandExecutor.java:194)
	at io.appium.java_client.remote.AppiumCommandExecutor.execute(AppiumCommandExecutor.java:262)
	at org.openqa.selenium.remote.RemoteWebDriver.execute(RemoteWebDriver.java:535)
	at io.appium.java_client.AppiumDriver.startSession(AppiumDriver.java:229)
	at org.openqa.selenium.remote.RemoteWebDriver.<init>(RemoteWebDriver.java:156)
	at io.appium.java_client.AppiumDriver.<init>(AppiumDriver.java:80)
	at io.appium.java_client.AppiumDriver.<init>(AppiumDriver.java:92)
	at io.appium.java_client.android.AndroidDriver.<init>(AndroidDriver.java:117)
	at setUp.setupDevice(setUp.java:23)
	at LoginTest.setUp(LoginTest.java:18)
	at java.base/jdk.internal.reflect.NativeMethodAccessorImpl.invoke0(Native Method)
	at java.base/jdk.internal.reflect.NativeMethodAccessorImpl.invoke(NativeMethodAccessorImpl.java:77)
	at java.base/jdk.internal.reflect.DelegatingMethodAccessorImpl.invoke(DelegatingMethodAccessorImpl.java:43)
	at java.base/java.lang.reflect.Method.invoke(Method.java:568)
	at org.testng.internal.invokers.MethodInvocationHelper.invokeMethod(MethodInvocationHelper.java:139)
	at org.testng.internal.invokers.MethodInvocationHelper.invokeMethodConsideringTimeout(MethodInvocationHelper.java:69)
	at org.testng.internal.invokers.ConfigInvoker.invokeConfigurationMethod(ConfigInvoker.java:361)
	at org.testng.internal.invokers.ConfigInvoker.invokeConfigurations(ConfigInvoker.java:296)
	at org.testng.internal.invokers.TestInvoker.runConfigMethods(TestInvoker.java:823)
	at org.testng.internal.invokers.TestInvoker.invokeMethod(TestInvoker.java:590)
	at org.testng.internal.invokers.TestInvoker.invokeTestMethod(TestInvoker.java:221)
	at org.testng.internal.invokers.MethodRunner.runInSequence(MethodRunner.java:50)
	at org.testng.internal.invokers.TestInvoker$MethodInvocationAgent.invoke(TestInvoker.java:969)
	at org.testng.internal.invokers.TestInvoker.invokeTestMethods(TestInvoker.java:194)
	at org.testng.internal.invokers.TestMethodWorker.invokeTestMethods(TestMethodWorker.java:148)
	at org.testng.internal.invokers.TestMethodWorker.run(TestMethodWorker.java:128)
	at java.base/java.util.ArrayList.forEach(ArrayList.java:1511)
	at org.testng.TestRunner.privateRun(TestRunner.java:829)
	at org.testng.TestRunner.run(TestRunner.java:602)
	at org.testng.SuiteRunner.runTest(SuiteRunner.java:437)
	at org.testng.SuiteRunner.runSequentially(SuiteRunner.java:431)
	at org.testng.SuiteRunner.privateRun(SuiteRunner.java:391)
	at org.testng.SuiteRunner.run(SuiteRunner.java:330)
	at org.testng.SuiteRunnerWorker.runSuite(SuiteRunnerWorker.java:52)
	at org.testng.SuiteRunnerWorker.run(SuiteRunnerWorker.java:95)
	at org.testng.TestNG.runSuitesSequentially(TestNG.java:1256)
	at org.testng.TestNG.runSuitesLocally(TestNG.java:1176)
	at org.testng.TestNG.runSuites(TestNG.java:1099)
	at org.testng.TestNG.run(TestNG.java:1067)
	at org.apache.maven.surefire.testng.TestNGExecutor.run(TestNGExecutor.java:151)
	at org.apache.maven.surefire.testng.TestNGDirectoryTestSuite.executeMulti(TestNGDirectoryTestSuite.java:192)
	at org.apache.maven.surefire.testng.TestNGDirectoryTestSuite.execute(TestNGDirectoryTestSuite.java:93)
	at org.apache.maven.surefire.testng.TestNGProvider.invoke(TestNGProvider.java:155)
	at org.apache.maven.surefire.booter.ForkedBooter.runSuitesInProcess(ForkedBooter.java:456)
	at org.apache.maven.surefire.booter.ForkedBooter.execute(ForkedBooter.java:169)
	at org.apache.maven.surefire.booter.ForkedBooter.run(ForkedBooter.java:595)
	at org.apache.maven.surefire.booter.ForkedBooter.main(ForkedBooter.java:581)
]]></failure>
    <system-out><![CDATA[2023-01-01 06:00:18.856 &amp#27;[32m INFO&amp#27;[m &amp#27;[35m[@536 - main]&amp#27;[m &amp#27;[36mcom.shaft.tools.io.ReportManager&amp#27;[m : 
################################################################################################################################################
Detected SHAFT Engine Version: "SHAFT Engine v6.4.20221225"
################################################################################################################################################
2023-01-01 06:00:20.911 &amp#27;[32m INFO&amp#27;[m &amp#27;[35m[@505 - main]&amp#27;[m &amp#27;[36mcom.shaft.tools.io.ReportManager&amp#27;[m : Loaded OpenCV "opencv_java460".
2023-01-01 06:00:21.299 &amp#27;[32m INFO&amp#27;[m &amp#27;[35m[@536 - main]&amp#27;[m &amp#27;[36mcom.shaft.tools.io.ReportManager&amp#27;[m : 
################################################################################################################################################
Starting Execution of a Configuration (Setup or Teardown) Method
Test Method:		"com.shaft.tools.io.reporting.ReportHelper.setupActivities"
################################################################################################################################################
2023-01-01 06:00:21.334 &amp#27;[32m INFO&amp#27;[m &amp#27;[35m[@505 - main]&amp#27;[m &amp#27;[36mcom.shaft.tools.io.ReportManager&amp#27;[m : Initializing Allure Reporting Environment...
2023-01-01 06:00:21.583 &amp#27;[32m INFO&amp#27;[m &amp#27;[35m[@505 - main]&amp#27;[m &amp#27;[36mcom.shaft.tools.io.ReportManager&amp#27;[m : Initializing Extent Reporting Environment...
2023-01-01 06:00:22.430 &amp#27;[32m INFO&amp#27;[m &amp#27;[35m[@505 - main]&amp#27;[m &amp#27;[36mcom.shaft.tools.io.ReportManager&amp#27;[m : Initializing Important Links...
2023-01-01 06:00:22.458 &amp#27;[32m INFO&amp#27;[m &amp#27;[35m[@505 - main]&amp#27;[m &amp#27;[36mcom.shaft.tools.io.ReportManager&amp#27;[m : Initializing Custom Properties...
2023-01-01 06:00:22.662 &amp#27;[32m INFO&amp#27;[m &amp#27;[35m[@536 - main]&amp#27;[m &amp#27;[36mcom.shaft.tools.io.ReportManager&amp#27;[m : 
################################################################################################################################################
Starting Execution of a Configuration (Setup or Teardown) Method
Test Method:		"LoginTest.setUp"
################################################################################################################################################
]]></system-out>
  </testcase>
  <testcase name="setUp" classname="LoginTest" time="0">
    <skipped/>
    <system-out><![CDATA[2023-01-01 06:00:45.812 &amp#27;[32m INFO&amp#27;[m &amp#27;[35m[@536 - main]&amp#27;[m &amp#27;[36mcom.shaft.tools.io.ReportManager&amp#27;[m : 
################################################################################################################################################
Starting Execution of a Configuration (Setup or Teardown) Method
Test Method:		"LoginTest.setUp"
################################################################################################################################################
]]></system-out>
  </testcase>
  <testcase name="TC01_loginWithValidData" classname="LoginTest" time="0">
    <skipped message="Could not start a new session. Response code 500. Message: An unknown server-side error occurred while processing the command. Original error: Could not find a connected Android device in 20263ms. &#10;Host info: host: &apos;E0808276&apos;, ip: &apos;192.168.1.6&apos;&#10;Build info: version: &apos;4.7.2&apos;, revision: &apos;4d4020c3b7&apos;&#10;System info: os.name: &apos;Windows 10&apos;, os.arch: &apos;amd64&apos;, os.version: &apos;10.0&apos;, java.version: &apos;17.0.5&apos;&#10;Driver info: io.appium.java_client.android.AndroidDriver&#10;Command: [null, newSession {capabilities=[{appium:app=C:\Users\MadyN2\IdeaProjects\AppiumProjectSauceLabs\src\test\resources\TestDataFiles\Android.SauceLabs.Mobile.Sample.app.2.2.0.apk, appium:automationName=UiAutomator2, appium:deviceName=Galaxy A52, appium:platformVersion=12, platformName=ANDROID}], desiredCapabilities=Capabilities {appium:app: C:\Users\MadyN2\IdeaProject..., appium:automationName: UiAutomator2, appium:deviceName: Galaxy A52, appium:platformVersion: 12, platformName: ANDROID}}]&#10;Capabilities {}"/>
    <system-out><![CDATA[2023-01-01 06:00:45.773 &amp#27;[32m INFO&amp#27;[m &amp#27;[35m[@536 - main]&amp#27;[m &amp#27;[36mcom.shaft.tools.io.ReportManager&amp#27;[m : 
################################################################################################################################################
Starting Execution:	"1 out of 4" test cases in the current suite
Test Method:		"LoginTest.TC01_loginWithValidData"
################################################################################################################################################
2023-01-01 06:00:45.784 &amp#27;[32m INFO&amp#27;[m &amp#27;[35m[@505 - main]&amp#27;[m &amp#27;[36mcom.shaft.tools.io.ReportManager&amp#27;[m : Successfully created attachment "SHAFT Engine Logs - Current Method log: TC01_loginWithValidData"
]]></system-out>
  </testcase>
  <testcase name="tearDown" classname="LoginTest" time="0">
    <skipped/>
    <system-out><![CDATA[2023-01-01 06:00:45.804 &amp#27;[32m INFO&amp#27;[m &amp#27;[35m[@536 - main]&amp#27;[m &amp#27;[36mcom.shaft.tools.io.ReportManager&amp#27;[m : 
################################################################################################################################################
Starting Execution of a Configuration (Setup or Teardown) Method
Test Method:		"LoginTest.tearDown"
################################################################################################################################################
]]></system-out>
  </testcase>
  <testcase name="tearDown" classname="LoginTest" time="0">
    <skipped/>
    <system-out><![CDATA[2023-01-01 06:00:45.823 &amp#27;[32m INFO&amp#27;[m &amp#27;[35m[@536 - main]&amp#27;[m &amp#27;[36mcom.shaft.tools.io.ReportManager&amp#27;[m : 
################################################################################################################################################
Starting Execution of a Configuration (Setup or Teardown) Method
Test Method:		"LoginTest.tearDown"
################################################################################################################################################
]]></system-out>
  </testcase>
  <testcase name="TC02_loginWithInvalidUserName" classname="LoginTest" time="0">
    <skipped message="Could not start a new session. Response code 500. Message: An unknown server-side error occurred while processing the command. Original error: Could not find a connected Android device in 20263ms. &#10;Host info: host: &apos;E0808276&apos;, ip: &apos;192.168.1.6&apos;&#10;Build info: version: &apos;4.7.2&apos;, revision: &apos;4d4020c3b7&apos;&#10;System info: os.name: &apos;Windows 10&apos;, os.arch: &apos;amd64&apos;, os.version: &apos;10.0&apos;, java.version: &apos;17.0.5&apos;&#10;Driver info: io.appium.java_client.android.AndroidDriver&#10;Command: [null, newSession {capabilities=[{appium:app=C:\Users\MadyN2\IdeaProjects\AppiumProjectSauceLabs\src\test\resources\TestDataFiles\Android.SauceLabs.Mobile.Sample.app.2.2.0.apk, appium:automationName=UiAutomator2, appium:deviceName=Galaxy A52, appium:platformVersion=12, platformName=ANDROID}], desiredCapabilities=Capabilities {appium:app: C:\Users\MadyN2\IdeaProject..., appium:automationName: UiAutomator2, appium:deviceName: Galaxy A52, appium:platformVersion: 12, platformName: ANDROID}}]&#10;Capabilities {}"/>
    <system-out><![CDATA[2023-01-01 06:00:45.817 &amp#27;[32m INFO&amp#27;[m &amp#27;[35m[@536 - main]&amp#27;[m &amp#27;[36mcom.shaft.tools.io.ReportManager&amp#27;[m : 
################################################################################################################################################
Starting Execution:	"2 out of 4" test cases in the current suite
Test Method:		"LoginTest.TC02_loginWithInvalidUserName"
################################################################################################################################################
2023-01-01 06:00:45.819 &amp#27;[32m INFO&amp#27;[m &amp#27;[35m[@505 - main]&amp#27;[m &amp#27;[36mcom.shaft.tools.io.ReportManager&amp#27;[m : Successfully created attachment "SHAFT Engine Logs - Current Method log: TC02_loginWithInvalidUserName"
]]></system-out>
  </testcase>
  <testcase name="setUp" classname="OrderingTest" time="20.649">
    <failure message="Could not start a new session. Response code 500. Message: An unknown server-side error occurred while processing the command. Original error: Could not find a connected Android device in 20398ms. &#10;Host info: host: &apos;E0808276&apos;, ip: &apos;192.168.1.6&apos;&#10;Build info: version: &apos;4.7.2&apos;, revision: &apos;4d4020c3b7&apos;&#10;System info: os.name: &apos;Windows 10&apos;, os.arch: &apos;amd64&apos;, os.version: &apos;10.0&apos;, java.version: &apos;17.0.5&apos;&#10;Driver info: io.appium.java_client.android.AndroidDriver&#10;Command: [null, newSession {capabilities=[{appium:app=C:\Users\MadyN2\IdeaProjects\AppiumProjectSauceLabs\src\test\resources\TestDataFiles\Android.SauceLabs.Mobile.Sample.app.2.2.0.apk, appium:automationName=UiAutomator2, appium:deviceName=Galaxy A52, appium:platformVersion=12, platformName=ANDROID}], desiredCapabilities=Capabilities {appium:app: C:\Users\MadyN2\IdeaProject..., appium:automationName: UiAutomator2, appium:deviceName: Galaxy A52, appium:platformVersion: 12, platformName: ANDROID}}]&#10;Capabilities {}" type="org.openqa.selenium.SessionNotCreatedException"><![CDATA[org.openqa.selenium.SessionNotCreatedException: 
Could not start a new session. Response code 500. Message: An unknown server-side error occurred while processing the command. Original error: Could not find a connected Android device in 20398ms. 
Host info: host: 'E0808276', ip: '192.168.1.6'
Build info: version: '4.7.2', revision: '4d4020c3b7'
System info: os.name: 'Windows 10', os.arch: 'amd64', os.version: '10.0', java.version: '17.0.5'
Driver info: io.appium.java_client.android.AndroidDriver
Command: [null, newSession {capabilities=[{appium:app=C:\Users\MadyN2\IdeaProjects\AppiumProjectSauceLabs\src\test\resources\TestDataFiles\Android.SauceLabs.Mobile.Sample.app.2.2.0.apk, appium:automationName=UiAutomator2, appium:deviceName=Galaxy A52, appium:platformVersion=12, platformName=ANDROID}], desiredCapabilities=Capabilities {appium:app: C:\Users\MadyN2\IdeaProject..., appium:automationName: UiAutomator2, appium:deviceName: Galaxy A52, appium:platformVersion: 12, platformName: ANDROID}}]
Capabilities {}
	at org.openqa.selenium.remote.ProtocolHandshake.createSession(ProtocolHandshake.java:148)
	at java.base/jdk.internal.reflect.NativeMethodAccessorImpl.invoke0(Native Method)
	at java.base/jdk.internal.reflect.NativeMethodAccessorImpl.invoke(NativeMethodAccessorImpl.java:77)
	at java.base/jdk.internal.reflect.DelegatingMethodAccessorImpl.invoke(DelegatingMethodAccessorImpl.java:43)
	at java.base/java.lang.reflect.Method.invoke(Method.java:568)
	at io.appium.java_client.remote.AppiumProtocolHandshake.createSession(AppiumProtocolHandshake.java:133)
	at io.appium.java_client.remote.AppiumProtocolHandshake.createSession(AppiumProtocolHandshake.java:102)
	at io.appium.java_client.remote.AppiumCommandExecutor.createSession(AppiumCommandExecutor.java:194)
	at io.appium.java_client.remote.AppiumCommandExecutor.execute(AppiumCommandExecutor.java:262)
	at org.openqa.selenium.remote.RemoteWebDriver.execute(RemoteWebDriver.java:535)
	at io.appium.java_client.AppiumDriver.startSession(AppiumDriver.java:229)
	at org.openqa.selenium.remote.RemoteWebDriver.<init>(RemoteWebDriver.java:156)
	at io.appium.java_client.AppiumDriver.<init>(AppiumDriver.java:80)
	at io.appium.java_client.AppiumDriver.<init>(AppiumDriver.java:92)
	at io.appium.java_client.android.AndroidDriver.<init>(AndroidDriver.java:117)
	at setUp.setupDevice(setUp.java:23)
	at OrderingTest.setUp(OrderingTest.java:16)
	at java.base/jdk.internal.reflect.NativeMethodAccessorImpl.invoke0(Native Method)
	at java.base/jdk.internal.reflect.NativeMethodAccessorImpl.invoke(NativeMethodAccessorImpl.java:77)
	at java.base/jdk.internal.reflect.DelegatingMethodAccessorImpl.invoke(DelegatingMethodAccessorImpl.java:43)
	at java.base/java.lang.reflect.Method.invoke(Method.java:568)
	at org.testng.internal.invokers.MethodInvocationHelper.invokeMethod(MethodInvocationHelper.java:139)
	at org.testng.internal.invokers.MethodInvocationHelper.invokeMethodConsideringTimeout(MethodInvocationHelper.java:69)
	at org.testng.internal.invokers.ConfigInvoker.invokeConfigurationMethod(ConfigInvoker.java:361)
	at org.testng.internal.invokers.ConfigInvoker.invokeConfigurations(ConfigInvoker.java:296)
	at org.testng.internal.invokers.TestInvoker.runConfigMethods(TestInvoker.java:823)
	at org.testng.internal.invokers.TestInvoker.invokeMethod(TestInvoker.java:590)
	at org.testng.internal.invokers.TestInvoker.invokeTestMethod(TestInvoker.java:221)
	at org.testng.internal.invokers.MethodRunner.runInSequence(MethodRunner.java:50)
	at org.testng.internal.invokers.TestInvoker$MethodInvocationAgent.invoke(TestInvoker.java:969)
	at org.testng.internal.invokers.TestInvoker.invokeTestMethods(TestInvoker.java:194)
	at org.testng.internal.invokers.TestMethodWorker.invokeTestMethods(TestMethodWorker.java:148)
	at org.testng.internal.invokers.TestMethodWorker.run(TestMethodWorker.java:128)
	at java.base/java.util.ArrayList.forEach(ArrayList.java:1511)
	at org.testng.TestRunner.privateRun(TestRunner.java:829)
	at org.testng.TestRunner.run(TestRunner.java:602)
	at org.testng.SuiteRunner.runTest(SuiteRunner.java:437)
	at org.testng.SuiteRunner.runSequentially(SuiteRunner.java:431)
	at org.testng.SuiteRunner.privateRun(SuiteRunner.java:391)
	at org.testng.SuiteRunner.run(SuiteRunner.java:330)
	at org.testng.SuiteRunnerWorker.runSuite(SuiteRunnerWorker.java:52)
	at org.testng.SuiteRunnerWorker.run(SuiteRunnerWorker.java:95)
	at org.testng.TestNG.runSuitesSequentially(TestNG.java:1256)
	at org.testng.TestNG.runSuitesLocally(TestNG.java:1176)
	at org.testng.TestNG.runSuites(TestNG.java:1099)
	at org.testng.TestNG.run(TestNG.java:1067)
	at org.apache.maven.surefire.testng.TestNGExecutor.run(TestNGExecutor.java:151)
	at org.apache.maven.surefire.testng.TestNGDirectoryTestSuite.executeMulti(TestNGDirectoryTestSuite.java:192)
	at org.apache.maven.surefire.testng.TestNGDirectoryTestSuite.execute(TestNGDirectoryTestSuite.java:93)
	at org.apache.maven.surefire.testng.TestNGProvider.invoke(TestNGProvider.java:155)
	at org.apache.maven.surefire.booter.ForkedBooter.runSuitesInProcess(ForkedBooter.java:456)
	at org.apache.maven.surefire.booter.ForkedBooter.execute(ForkedBooter.java:169)
	at org.apache.maven.surefire.booter.ForkedBooter.run(ForkedBooter.java:595)
	at org.apache.maven.surefire.booter.ForkedBooter.main(ForkedBooter.java:581)
]]></failure>
    <system-out><![CDATA[2023-01-01 06:00:45.829 &amp#27;[32m INFO&amp#27;[m &amp#27;[35m[@536 - main]&amp#27;[m &amp#27;[36mcom.shaft.tools.io.ReportManager&amp#27;[m : 
################################################################################################################################################
Starting Execution of a Configuration (Setup or Teardown) Method
Test Method:		"OrderingTest.setUp"
################################################################################################################################################
]]></system-out>
  </testcase>
  <testcase name="setUp" classname="OrderingTest" time="0">
    <skipped/>
    <system-out><![CDATA[2023-01-01 06:01:06.480 &amp#27;[32m INFO&amp#27;[m &amp#27;[35m[@536 - main]&amp#27;[m &amp#27;[36mcom.shaft.tools.io.ReportManager&amp#27;[m : 
################################################################################################################################################
Starting Execution of a Configuration (Setup or Teardown) Method
Test Method:		"OrderingTest.setUp"
################################################################################################################################################
]]></system-out>
  </testcase>
  <testcase name="TC03_AddToCart" classname="OrderingTest" time="0">
    <skipped message="Could not start a new session. Response code 500. Message: An unknown server-side error occurred while processing the command. Original error: Could not find a connected Android device in 20398ms. &#10;Host info: host: &apos;E0808276&apos;, ip: &apos;192.168.1.6&apos;&#10;Build info: version: &apos;4.7.2&apos;, revision: &apos;4d4020c3b7&apos;&#10;System info: os.name: &apos;Windows 10&apos;, os.arch: &apos;amd64&apos;, os.version: &apos;10.0&apos;, java.version: &apos;17.0.5&apos;&#10;Driver info: io.appium.java_client.android.AndroidDriver&#10;Command: [null, newSession {capabilities=[{appium:app=C:\Users\MadyN2\IdeaProjects\AppiumProjectSauceLabs\src\test\resources\TestDataFiles\Android.SauceLabs.Mobile.Sample.app.2.2.0.apk, appium:automationName=UiAutomator2, appium:deviceName=Galaxy A52, appium:platformVersion=12, platformName=ANDROID}], desiredCapabilities=Capabilities {appium:app: C:\Users\MadyN2\IdeaProject..., appium:automationName: UiAutomator2, appium:deviceName: Galaxy A52, appium:platformVersion: 12, platformName: ANDROID}}]&#10;Capabilities {}"/>
    <system-out><![CDATA[2023-01-01 06:01:06.467 &amp#27;[32m INFO&amp#27;[m &amp#27;[35m[@536 - main]&amp#27;[m &amp#27;[36mcom.shaft.tools.io.ReportManager&amp#27;[m : 
################################################################################################################################################
Starting Execution:	"3 out of 4" test cases in the current suite
Test Method:		"OrderingTest.TC03_AddToCart"
################################################################################################################################################
2023-01-01 06:01:06.470 &amp#27;[32m INFO&amp#27;[m &amp#27;[35m[@505 - main]&amp#27;[m &amp#27;[36mcom.shaft.tools.io.ReportManager&amp#27;[m : Successfully created attachment "SHAFT Engine Logs - Current Method log: TC03_AddToCart"
]]></system-out>
  </testcase>
  <testcase name="tearDown" classname="OrderingTest" time="0">
    <skipped/>
    <system-out><![CDATA[2023-01-01 06:01:06.475 &amp#27;[32m INFO&amp#27;[m &amp#27;[35m[@536 - main]&amp#27;[m &amp#27;[36mcom.shaft.tools.io.ReportManager&amp#27;[m : 
################################################################################################################################################
Starting Execution of a Configuration (Setup or Teardown) Method
Test Method:		"OrderingTest.tearDown"
################################################################################################################################################
]]></system-out>
  </testcase>
  <testcase name="tearDown" classname="OrderingTest" time="0">
    <skipped/>
    <system-out><![CDATA[2023-01-01 06:01:06.492 &amp#27;[32m INFO&amp#27;[m &amp#27;[35m[@536 - main]&amp#27;[m &amp#27;[36mcom.shaft.tools.io.ReportManager&amp#27;[m : 
################################################################################################################################################
Starting Execution of a Configuration (Setup or Teardown) Method
Test Method:		"OrderingTest.tearDown"
################################################################################################################################################
]]></system-out>
  </testcase>
  <testcase name="TC04_removeItems" classname="OrderingTest" time="0">
    <skipped message="Could not start a new session. Response code 500. Message: An unknown server-side error occurred while processing the command. Original error: Could not find a connected Android device in 20398ms. &#10;Host info: host: &apos;E0808276&apos;, ip: &apos;192.168.1.6&apos;&#10;Build info: version: &apos;4.7.2&apos;, revision: &apos;4d4020c3b7&apos;&#10;System info: os.name: &apos;Windows 10&apos;, os.arch: &apos;amd64&apos;, os.version: &apos;10.0&apos;, java.version: &apos;17.0.5&apos;&#10;Driver info: io.appium.java_client.android.AndroidDriver&#10;Command: [null, newSession {capabilities=[{appium:app=C:\Users\MadyN2\IdeaProjects\AppiumProjectSauceLabs\src\test\resources\TestDataFiles\Android.SauceLabs.Mobile.Sample.app.2.2.0.apk, appium:automationName=UiAutomator2, appium:deviceName=Galaxy A52, appium:platformVersion=12, platformName=ANDROID}], desiredCapabilities=Capabilities {appium:app: C:\Users\MadyN2\IdeaProject..., appium:automationName: UiAutomator2, appium:deviceName: Galaxy A52, appium:platformVersion: 12, platformName: ANDROID}}]&#10;Capabilities {}"/>
    <system-out><![CDATA[2023-01-01 06:01:06.485 &amp#27;[32m INFO&amp#27;[m &amp#27;[35m[@536 - main]&amp#27;[m &amp#27;[36mcom.shaft.tools.io.ReportManager&amp#27;[m : 
################################################################################################################################################
Starting Execution:	"4 out of 4" test cases in the current suite
Test Method:		"OrderingTest.TC04_removeItems"
################################################################################################################################################
2023-01-01 06:01:06.487 &amp#27;[32m INFO&amp#27;[m &amp#27;[35m[@505 - main]&amp#27;[m &amp#27;[36mcom.shaft.tools.io.ReportManager&amp#27;[m : Successfully created attachment "SHAFT Engine Logs - Current Method log: TC04_removeItems"
]]></system-out>
  </testcase>
</testsuite>